<?xml version="1.0" encoding="UTF-8"?>
<!-- Generated by org.testng.reporters.JUnitXMLReporter -->
<testsuite ignored="0" hostname="DESKTOP-3BKRARD" failures="0" tests="4" name="Test" time="35.899" errors="0" timestamp="2023-05-14T14:10:34 IST">
  <testcase classname="Test.newTest2" name="loginTest3" time="7.817"/>
  <testcase classname="Test.newTest" name="loginTest1" time="7.303"/>
  <testcase classname="Test.newTest" name="loginTest2" time="5.987"/>
  <testcase classname="Test.newTest2" name="loginTest4" time="6.438"/>
</testsuite> <!-- Test -->
