<?xml version="1.0" encoding="UTF-8"?>
<testng-results ignored="0" total="4" passed="4" failed="0" skipped="0">
  <reporter-output>
  </reporter-output>
  <suite started-at="2023-05-14T14:09:57 IST" name="Suite" finished-at="2023-05-14T14:10:33 IST" duration-ms="35899">
    <groups>
    </groups>
    <test started-at="2023-05-14T14:09:57 IST" name="Test" finished-at="2023-05-14T14:10:33 IST" duration-ms="35899">
      <class name="Test.newTest">
        <test-method is-config="true" signature="LaunchApplication()[pri:0, instance:Test.newTest@489115ef]" started-at="2023-05-14T14:09:58 IST" name="LaunchApplication" finished-at="2023-05-14T14:10:10 IST" duration-ms="12571" status="PASS">
          <reporter-output>
          </reporter-output>
        </test-method> <!-- LaunchApplication -->
        <test-method signature="loginTest1()[pri:0, instance:Test.newTest@489115ef]" started-at="2023-05-14T14:10:10 IST" name="loginTest1" finished-at="2023-05-14T14:10:18 IST" duration-ms="7303" status="PASS">
          <reporter-output>
          </reporter-output>
        </test-method> <!-- loginTest1 -->
        <test-method is-config="true" signature="tearDown()[pri:0, instance:Test.newTest@489115ef]" started-at="2023-05-14T14:10:18 IST" name="tearDown" finished-at="2023-05-14T14:10:18 IST" duration-ms="269" status="PASS">
          <reporter-output>
          </reporter-output>
        </test-method> <!-- tearDown -->
        <test-method is-config="true" signature="LaunchApplication()[pri:0, instance:Test.newTest@489115ef]" started-at="2023-05-14T14:10:18 IST" name="LaunchApplication" finished-at="2023-05-14T14:10:26 IST" duration-ms="8218" status="PASS">
          <reporter-output>
          </reporter-output>
        </test-method> <!-- LaunchApplication -->
        <test-method signature="loginTest2()[pri:0, instance:Test.newTest@489115ef]" started-at="2023-05-14T14:10:26 IST" name="loginTest2" finished-at="2023-05-14T14:10:32 IST" duration-ms="5987" status="PASS">
          <reporter-output>
          </reporter-output>
        </test-method> <!-- loginTest2 -->
        <test-method is-config="true" signature="tearDown()[pri:0, instance:Test.newTest@489115ef]" started-at="2023-05-14T14:10:32 IST" name="tearDown" finished-at="2023-05-14T14:10:32 IST" duration-ms="246" status="PASS">
          <reporter-output>
          </reporter-output>
        </test-method> <!-- tearDown -->
      </class> <!-- Test.newTest -->
      <class name="Test.newTest2">
        <test-method is-config="true" signature="LaunchApplication()[pri:0, instance:Test.newTest2@43bc63a3]" started-at="2023-05-14T14:09:58 IST" name="LaunchApplication" finished-at="2023-05-14T14:10:09 IST" duration-ms="11644" status="PASS">
          <reporter-output>
          </reporter-output>
        </test-method> <!-- LaunchApplication -->
        <test-method signature="loginTest3(java.lang.String)[pri:0, instance:Test.newTest2@43bc63a3]" started-at="2023-05-14T14:10:09 IST" name="loginTest3" finished-at="2023-05-14T14:10:17 IST" duration-ms="7817" status="PASS">
          <params>
            <param index="0">
              <value>
                <![CDATA[3]]>
              </value>
            </param>
          </params>
          <reporter-output>
          </reporter-output>
        </test-method> <!-- loginTest3 -->
        <test-method is-config="true" signature="tearDown()[pri:0, instance:Test.newTest2@43bc63a3]" started-at="2023-05-14T14:10:17 IST" name="tearDown" finished-at="2023-05-14T14:10:18 IST" duration-ms="304" status="PASS">
          <reporter-output>
          </reporter-output>
        </test-method> <!-- tearDown -->
        <test-method is-config="true" signature="LaunchApplication()[pri:0, instance:Test.newTest2@43bc63a3]" started-at="2023-05-14T14:10:18 IST" name="LaunchApplication" finished-at="2023-05-14T14:10:26 IST" duration-ms="8766" status="PASS">
          <reporter-output>
          </reporter-output>
        </test-method> <!-- LaunchApplication -->
        <test-method signature="loginTest4(java.lang.String)[pri:0, instance:Test.newTest2@43bc63a3]" started-at="2023-05-14T14:10:26 IST" name="loginTest4" finished-at="2023-05-14T14:10:33 IST" duration-ms="6438" status="PASS">
          <params>
            <param index="0">
              <value>
                <![CDATA[4]]>
              </value>
            </param>
          </params>
          <reporter-output>
          </reporter-output>
        </test-method> <!-- loginTest4 -->
        <test-method is-config="true" signature="tearDown()[pri:0, instance:Test.newTest2@43bc63a3]" started-at="2023-05-14T14:10:33 IST" name="tearDown" finished-at="2023-05-14T14:10:33 IST" duration-ms="371" status="PASS">
          <reporter-output>
          </reporter-output>
        </test-method> <!-- tearDown -->
      </class> <!-- Test.newTest2 -->
    </test> <!-- Test -->
  </suite> <!-- Suite -->
</testng-results>
